<?xml version="1.0" encoding="UTF-8"?>
<coverage generated="1639618708999" clover="3.2.0">
  <project timestamp="1639618709002" name="All files">
    <metrics statements="128" coveredstatements="111" conditionals="71" coveredconditionals="50" methods="53" coveredmethods="44" elements="252" coveredelements="205" complexity="0" loc="128" ncloc="128" packages="7" files="13" classes="13"/>
    <package name="components">
      <metrics statements="23" coveredstatements="19" conditionals="8" coveredconditionals="6" methods="11" coveredmethods="10"/>
      <file name="Footer.js" path="I:\performance-evaluation-manager\components\Footer.js">
        <metrics statements="1" coveredstatements="1" conditionals="0" coveredconditionals="0" methods="1" coveredmethods="1"/>
        <line num="4" count="28" type="stmt"/>
      </file>
      <file name="Header.js" path="I:\performance-evaluation-manager\components\Header.js">
        <metrics statements="13" coveredstatements="12" conditionals="8" coveredconditionals="6" methods="7" coveredmethods="7"/>
        <line num="4" count="26" type="stmt"/>
        <line num="6" count="29" type="stmt"/>
        <line num="7" count="29" type="stmt"/>
        <line num="9" count="29" type="stmt"/>
        <line num="11" count="29" type="stmt"/>
        <line num="13" count="18" type="cond" truecount="2" falsecount="0"/>
        <line num="15" count="1" type="cond" truecount="2" falsecount="2"/>
        <line num="16" count="0" type="stmt"/>
        <line num="19" count="1" type="stmt"/>
        <line num="21" count="1" type="stmt"/>
        <line num="23" count="29" type="stmt"/>
        <line num="51" count="1" type="stmt"/>
        <line num="61" count="1" type="stmt"/>
      </file>
      <file name="LoginForm.js" path="I:\performance-evaluation-manager\components\LoginForm.js">
        <metrics statements="9" coveredstatements="6" conditionals="0" coveredconditionals="0" methods="3" coveredmethods="2"/>
        <line num="5" count="22" type="stmt"/>
        <line num="6" count="22" type="stmt"/>
        <line num="7" count="22" type="stmt"/>
        <line num="8" count="22" type="stmt"/>
        <line num="9" count="0" type="stmt"/>
        <line num="10" count="0" type="stmt"/>
        <line num="11" count="0" type="stmt"/>
        <line num="13" count="22" type="stmt"/>
        <line num="49" count="17" type="stmt"/>
      </file>
    </package>
    <package name="components.ManagerDashboard">
      <metrics statements="2" coveredstatements="2" conditionals="4" coveredconditionals="2" methods="2" coveredmethods="2"/>
      <file name="ManagerDashboard.js" path="I:\performance-evaluation-manager\components\ManagerDashboard\ManagerDashboard.js">
        <metrics statements="2" coveredstatements="2" conditionals="4" coveredconditionals="2" methods="2" coveredmethods="2"/>
        <line num="5" count="4" type="stmt"/>
        <line num="56" count="32" type="stmt"/>
      </file>
    </package>
    <package name="components.TeacherDashboard">
      <metrics statements="14" coveredstatements="10" conditionals="8" coveredconditionals="4" methods="6" coveredmethods="4"/>
      <file name="Pagination.js" path="I:\performance-evaluation-manager\components\TeacherDashboard\Pagination.js">
        <metrics statements="2" coveredstatements="2" conditionals="0" coveredconditionals="0" methods="1" coveredmethods="1"/>
        <line num="5" count="13" type="stmt"/>
        <line num="7" count="13" type="stmt"/>
      </file>
      <file name="TeacherDashboard.js" path="I:\performance-evaluation-manager\components\TeacherDashboard\TeacherDashboard.js">
        <metrics statements="12" coveredstatements="8" conditionals="8" coveredconditionals="4" methods="5" coveredmethods="3"/>
        <line num="5" count="4" type="stmt"/>
        <line num="6" count="4" type="stmt"/>
        <line num="7" count="0" type="stmt"/>
        <line num="8" count="0" type="stmt"/>
        <line num="16" count="4" type="stmt"/>
        <line num="17" count="4" type="stmt"/>
        <line num="66" count="4" type="cond" truecount="1" falsecount="1"/>
        <line num="67" count="4" type="cond" truecount="1" falsecount="1"/>
        <line num="68" count="4" type="stmt"/>
        <line num="69" count="0" type="stmt"/>
        <line num="73" count="0" type="stmt"/>
        <line num="113" count="16" type="stmt"/>
      </file>
    </package>
    <package name="components.utils">
      <metrics statements="2" coveredstatements="2" conditionals="0" coveredconditionals="0" methods="1" coveredmethods="1"/>
      <file name="Loading.js" path="I:\performance-evaluation-manager\components\utils\Loading.js">
        <metrics statements="2" coveredstatements="2" conditionals="0" coveredconditionals="0" methods="1" coveredmethods="1"/>
        <line num="1" count="21" type="stmt"/>
        <line num="2" count="15" type="stmt"/>
      </file>
    </package>
    <package name="contexts">
      <metrics statements="28" coveredstatements="27" conditionals="8" coveredconditionals="5" methods="8" coveredmethods="8"/>
      <file name="auth.js" path="I:\performance-evaluation-manager\contexts\auth.js">
        <metrics statements="28" coveredstatements="27" conditionals="8" coveredconditionals="5" methods="8" coveredmethods="8"/>
        <line num="6" count="26" type="stmt"/>
        <line num="7" count="26" type="stmt"/>
        <line num="8" count="26" type="stmt"/>
        <line num="11" count="148" type="stmt"/>
        <line num="12" count="138" type="cond" truecount="1" falsecount="1"/>
        <line num="13" count="138" type="stmt"/>
        <line num="17" count="52" type="stmt"/>
        <line num="24" count="47" type="stmt"/>
        <line num="27" count="26" type="cond" truecount="1" falsecount="1"/>
        <line num="28" count="26" type="stmt"/>
        <line num="31" count="26" type="stmt"/>
        <line num="32" count="26" type="cond" truecount="2" falsecount="0"/>
        <line num="33" count="7" type="stmt"/>
        <line num="35" count="7" type="stmt"/>
        <line num="51" count="7" type="stmt"/>
        <line num="57" count="17" type="stmt"/>
        <line num="58" count="17" type="stmt"/>
        <line num="59" count="13" type="stmt"/>
        <line num="60" count="13" type="cond" truecount="1" falsecount="1"/>
        <line num="61" count="13" type="stmt"/>
        <line num="64" count="13" type="stmt"/>
        <line num="66" count="13" type="stmt"/>
        <line num="82" count="13" type="stmt"/>
        <line num="85" count="0" type="stmt"/>
        <line num="97" count="1" type="stmt"/>
        <line num="98" count="1" type="stmt"/>
        <line num="102" count="1" type="stmt"/>
        <line num="106" count="47" type="stmt"/>
      </file>
    </package>
    <package name="hooks">
      <metrics statements="51" coveredstatements="43" conditionals="19" coveredconditionals="17" methods="21" coveredmethods="15"/>
      <file name="useResource.js" path="I:\performance-evaluation-manager\hooks\useResource.js">
        <metrics statements="51" coveredstatements="43" conditionals="19" coveredconditionals="17" methods="21" coveredmethods="15"/>
        <line num="5" count="21" type="stmt"/>
        <line num="10" count="23" type="cond" truecount="1" falsecount="1"/>
        <line num="11" count="23" type="stmt"/>
        <line num="14" count="23" type="stmt"/>
        <line num="17" count="15" type="cond" truecount="1" falsecount="1"/>
        <line num="18" count="0" type="stmt"/>
        <line num="21" count="15" type="stmt"/>
        <line num="22" count="15" type="stmt"/>
        <line num="30" count="15" type="stmt"/>
        <line num="32" count="11" type="stmt"/>
        <line num="33" count="11" type="stmt"/>
        <line num="34" count="44" type="cond" truecount="2" falsecount="0"/>
        <line num="35" count="11" type="stmt"/>
        <line num="38" count="11" type="stmt"/>
        <line num="41" count="0" type="stmt"/>
        <line num="43" count="11" type="stmt"/>
        <line num="45" count="11" type="stmt"/>
        <line num="46" count="11" type="stmt"/>
        <line num="47" count="121" type="cond" truecount="2" falsecount="0"/>
        <line num="48" count="88" type="stmt"/>
        <line num="51" count="11" type="stmt"/>
        <line num="53" count="0" type="stmt"/>
        <line num="55" count="11" type="stmt"/>
        <line num="57" count="11" type="stmt"/>
        <line num="58" count="11" type="stmt"/>
        <line num="59" count="33" type="cond" truecount="2" falsecount="0"/>
        <line num="63" count="11" type="stmt"/>
        <line num="66" count="11" type="stmt"/>
        <line num="68" count="0" type="stmt"/>
        <line num="71" count="11" type="stmt"/>
        <line num="72" count="10" type="stmt"/>
        <line num="73" count="10" type="stmt"/>
        <line num="74" count="10" type="stmt"/>
        <line num="75" count="60" type="cond" truecount="2" falsecount="0"/>
        <line num="76" count="40" type="stmt"/>
        <line num="79" count="10" type="stmt"/>
        <line num="81" count="0" type="stmt"/>
        <line num="83" count="10" type="stmt"/>
        <line num="84" count="8" type="stmt"/>
        <line num="85" count="8" type="stmt"/>
        <line num="86" count="8" type="stmt"/>
        <line num="87" count="32" type="cond" truecount="2" falsecount="0"/>
        <line num="88" count="16" type="stmt"/>
        <line num="91" count="8" type="stmt"/>
        <line num="93" count="0" type="stmt"/>
        <line num="95" count="8" type="stmt"/>
        <line num="96" count="8" type="stmt"/>
        <line num="98" count="0" type="stmt"/>
        <line num="104" count="58" type="stmt"/>
        <line num="112" count="0" type="stmt"/>
        <line num="119" count="23" type="stmt"/>
      </file>
    </package>
    <package name="pages">
      <metrics statements="8" coveredstatements="8" conditionals="24" coveredconditionals="16" methods="4" coveredmethods="4"/>
      <file name="_app.js" path="I:\performance-evaluation-manager\pages\_app.js">
        <metrics statements="1" coveredstatements="1" conditionals="0" coveredconditionals="0" methods="1" coveredmethods="1"/>
        <line num="4" count="26" type="stmt"/>
      </file>
      <file name="dashboard.js" path="I:\performance-evaluation-manager\pages\dashboard.js">
        <metrics statements="3" coveredstatements="3" conditionals="12" coveredconditionals="8" methods="1" coveredmethods="1"/>
        <line num="11" count="28" type="stmt"/>
        <line num="12" count="23" type="stmt"/>
        <line num="14" count="23" type="stmt"/>
      </file>
      <file name="index.js" path="I:\performance-evaluation-manager\pages\index.js">
        <metrics statements="2" coveredstatements="2" conditionals="2" coveredconditionals="2" methods="1" coveredmethods="1"/>
        <line num="6" count="42" type="stmt"/>
        <line num="8" count="37" type="cond" truecount="2" falsecount="0"/>
      </file>
      <file name="profile.js" path="I:\performance-evaluation-manager\pages\profile.js">
        <metrics statements="2" coveredstatements="2" conditionals="10" coveredconditionals="6" methods="1" coveredmethods="1"/>
        <line num="7" count="10" type="stmt"/>
        <line num="8" count="10" type="stmt"/>
      </file>
    </package>
  </project>
</coverage>
