{"total": {"lines":{"total":128,"covered":111,"skipped":0,"pct":86.72},"statements":{"total":135,"covered":117,"skipped":0,"pct":86.67},"functions":{"total":53,"covered":44,"skipped":0,"pct":83.02},"branches":{"total":71,"covered":50,"skipped":0,"pct":70.42}}
,"I:\\performance-evaluation-manager\\components\\Footer.js": {"lines":{"total":1,"covered":1,"skipped":0,"pct":100},"functions":{"total":1,"covered":1,"skipped":0,"pct":100},"statements":{"total":1,"covered":1,"skipped":0,"pct":100},"branches":{"total":0,"covered":0,"skipped":0,"pct":100}}
,"I:\\performance-evaluation-manager\\components\\Header.js": {"lines":{"total":13,"covered":12,"skipped":0,"pct":92.31},"functions":{"total":7,"covered":7,"skipped":0,"pct":100},"statements":{"total":16,"covered":15,"skipped":0,"pct":93.75},"branches":{"total":8,"covered":6,"skipped":0,"pct":75}}
,"I:\\performance-evaluation-manager\\components\\LoginForm.js": {"lines":{"total":9,"covered":6,"skipped":0,"pct":66.67},"functions":{"total":3,"covered":2,"skipped":0,"pct":66.67},"statements":{"total":9,"covered":6,"skipped":0,"pct":66.67},"branches":{"total":0,"covered":0,"skipped":0,"pct":100}}
,"I:\\performance-evaluation-manager\\components\\ManagerDashboard\\ManagerDashboard.js": {"lines":{"total":2,"covered":2,"skipped":0,"pct":100},"functions":{"total":2,"covered":2,"skipped":0,"pct":100},"statements":{"total":2,"covered":2,"skipped":0,"pct":100},"branches":{"total":4,"covered":2,"skipped":0,"pct":50}}
,"I:\\performance-evaluation-manager\\components\\TeacherDashboard\\Pagination.js": {"lines":{"total":2,"covered":2,"skipped":0,"pct":100},"functions":{"total":1,"covered":1,"skipped":0,"pct":100},"statements":{"total":2,"covered":2,"skipped":0,"pct":100},"branches":{"total":0,"covered":0,"skipped":0,"pct":100}}
,"I:\\performance-evaluation-manager\\components\\TeacherDashboard\\TeacherDashboard.js": {"lines":{"total":12,"covered":8,"skipped":0,"pct":66.67},"functions":{"total":5,"covered":3,"skipped":0,"pct":60},"statements":{"total":12,"covered":8,"skipped":0,"pct":66.67},"branches":{"total":8,"covered":4,"skipped":0,"pct":50}}
,"I:\\performance-evaluation-manager\\components\\utils\\Loading.js": {"lines":{"total":2,"covered":2,"skipped":0,"pct":100},"functions":{"total":1,"covered":1,"skipped":0,"pct":100},"statements":{"total":2,"covered":2,"skipped":0,"pct":100},"branches":{"total":0,"covered":0,"skipped":0,"pct":100}}
,"I:\\performance-evaluation-manager\\contexts\\auth.js": {"lines":{"total":28,"covered":27,"skipped":0,"pct":96.43},"functions":{"total":8,"covered":8,"skipped":0,"pct":100},"statements":{"total":32,"covered":30,"skipped":0,"pct":93.75},"branches":{"total":8,"covered":5,"skipped":0,"pct":62.5}}
,"I:\\performance-evaluation-manager\\hooks\\useResource.js": {"lines":{"total":51,"covered":43,"skipped":0,"pct":84.31},"functions":{"total":21,"covered":15,"skipped":0,"pct":71.43},"statements":{"total":51,"covered":43,"skipped":0,"pct":84.31},"branches":{"total":19,"covered":17,"skipped":0,"pct":89.47}}
,"I:\\performance-evaluation-manager\\pages\\_app.js": {"lines":{"total":1,"covered":1,"skipped":0,"pct":100},"functions":{"total":1,"covered":1,"skipped":0,"pct":100},"statements":{"total":1,"covered":1,"skipped":0,"pct":100},"branches":{"total":0,"covered":0,"skipped":0,"pct":100}}
,"I:\\performance-evaluation-manager\\pages\\dashboard.js": {"lines":{"total":3,"covered":3,"skipped":0,"pct":100},"functions":{"total":1,"covered":1,"skipped":0,"pct":100},"statements":{"total":3,"covered":3,"skipped":0,"pct":100},"branches":{"total":12,"covered":8,"skipped":0,"pct":66.67}}
,"I:\\performance-evaluation-manager\\pages\\index.js": {"lines":{"total":2,"covered":2,"skipped":0,"pct":100},"functions":{"total":1,"covered":1,"skipped":0,"pct":100},"statements":{"total":2,"covered":2,"skipped":0,"pct":100},"branches":{"total":2,"covered":2,"skipped":0,"pct":100}}
,"I:\\performance-evaluation-manager\\pages\\profile.js": {"lines":{"total":2,"covered":2,"skipped":0,"pct":100},"functions":{"total":1,"covered":1,"skipped":0,"pct":100},"statements":{"total":2,"covered":2,"skipped":0,"pct":100},"branches":{"total":10,"covered":6,"skipped":0,"pct":60}}
}
