TN:
SF:components\Footer.js
FN:3,Footer
FNF:1
FNH:1
FNDA:28,Footer
DA:4,28
LF:1
LH:1
BRF:0
BRH:0
end_of_record
TN:
SF:components\Header.js
FN:5,Header
FN:11,(anonymous_1)
FN:14,handleClick
FN:21,(anonymous_3)
FN:51,(anonymous_4)
FN:51,(anonymous_5)
FN:61,(anonymous_6)
FNF:7
FNH:7
FNDA:29,Header
FNDA:18,(anonymous_1)
FNDA:1,handleClick
FNDA:1,(anonymous_3)
FNDA:1,(anonymous_4)
FNDA:1,(anonymous_5)
FNDA:1,(anonymous_6)
DA:4,26
DA:6,29
DA:7,29
DA:9,29
DA:11,29
DA:13,18
DA:15,1
DA:16,0
DA:19,1
DA:21,1
DA:23,29
DA:51,1
DA:61,1
LF:13
LH:12
BRDA:13,0,0,17
BRDA:13,0,1,1
BRDA:15,1,0,0
BRDA:15,1,1,1
BRDA:15,2,0,1
BRDA:15,2,1,0
BRDA:57,3,0,29
BRDA:57,3,1,1
BRF:8
BRH:6
end_of_record
TN:
SF:components\LoginForm.js
FN:4,LoginForm
FN:8,(anonymous_1)
FN:48,(anonymous_2)
FNF:3
FNH:2
FNDA:22,LoginForm
FNDA:0,(anonymous_1)
FNDA:17,(anonymous_2)
DA:5,22
DA:6,22
DA:7,22
DA:8,22
DA:9,0
DA:10,0
DA:11,0
DA:13,22
DA:49,17
LF:9
LH:6
BRF:0
BRH:0
end_of_record
TN:
SF:components\ManagerDashboard\ManagerDashboard.js
FN:4,ManagerDashboard
FN:56,(anonymous_1)
FNF:2
FNH:2
FNDA:4,ManagerDashboard
FNDA:32,(anonymous_1)
DA:6,4
DA:57,32
LF:2
LH:2
BRDA:36,0,0,4
BRDA:36,0,1,0
BRDA:55,1,0,4
BRDA:55,1,1,0
BRF:4
BRH:2
end_of_record
TN:
SF:components\TeacherDashboard\Pagination.js
FN:4,Pagination
FNF:1
FNH:1
FNDA:13,Pagination
DA:5,13
DA:7,13
LF:2
LH:2
BRF:0
BRH:0
end_of_record
TN:
SF:components\TeacherDashboard\TeacherDashboard.js
FN:6,TeacherDashboard
FN:8,(anonymous_1)
FN:66,(anonymous_2)
FN:70,(anonymous_3)
FN:113,(anonymous_4)
FNF:5
FNH:3
FNDA:4,TeacherDashboard
FNDA:0,(anonymous_1)
FNDA:4,(anonymous_2)
FNDA:0,(anonymous_3)
FNDA:16,(anonymous_4)
DA:7,4
DA:8,4
DA:9,0
DA:10,0
DA:17,4
DA:18,4
DA:67,4
DA:68,4
DA:69,4
DA:70,0
DA:74,0
DA:114,16
LF:12
LH:8
BRDA:26,0,0,4
BRDA:26,0,1,0
BRDA:66,1,0,4
BRDA:66,1,1,0
BRDA:67,2,0,4
BRDA:67,2,1,0
BRDA:68,3,0,4
BRDA:68,3,1,0
BRF:8
BRH:4
end_of_record
TN:
SF:components\utils\Loading.js
FN:1,(anonymous_0)
FNF:1
FNH:1
FNDA:15,(anonymous_0)
DA:1,21
DA:2,15
LF:2
LH:2
BRF:0
BRH:0
end_of_record
TN:
SF:contexts\auth.js
FN:10,useAuth
FN:16,AuthProvider
FN:24,(anonymous_2)
FN:51,(anonymous_3)
FN:55,login
FN:82,(anonymous_5)
FN:96,logout
FN:102,(anonymous_7)
FNF:8
FNH:8
FNDA:148,useAuth
FNDA:52,AuthProvider
FNDA:26,(anonymous_2)
FNDA:7,(anonymous_3)
FNDA:17,login
FNDA:13,(anonymous_5)
FNDA:1,logout
FNDA:1,(anonymous_7)
DA:6,26
DA:7,26
DA:8,26
DA:11,148
DA:12,138
DA:13,138
DA:17,52
DA:24,47
DA:27,26
DA:28,26
DA:31,26
DA:32,26
DA:33,7
DA:35,7
DA:51,7
DA:57,17
DA:58,17
DA:59,13
DA:60,13
DA:61,13
DA:64,13
DA:66,13
DA:82,13
DA:85,0
DA:97,1
DA:98,1
DA:102,1
DA:106,47
LF:28
LH:27
BRDA:12,0,0,0
BRDA:12,0,1,138
BRDA:27,1,0,26
BRDA:27,1,1,0
BRDA:32,2,0,7
BRDA:32,2,1,19
BRDA:60,3,0,13
BRDA:60,3,1,0
BRF:8
BRH:5
end_of_record
TN:
SF:hooks\useResource.js
FN:7,useResource
FN:16,fetchResource
FN:31,(anonymous_2)
FN:33,(anonymous_3)
FN:41,(anonymous_4)
FN:44,(anonymous_5)
FN:46,(anonymous_6)
FN:53,(anonymous_7)
FN:56,(anonymous_8)
FN:58,(anonymous_9)
FN:68,(anonymous_10)
FN:71,(anonymous_11)
FN:73,(anonymous_12)
FN:74,(anonymous_13)
FN:81,(anonymous_14)
FN:83,(anonymous_15)
FN:85,(anonymous_16)
FN:86,(anonymous_17)
FN:93,(anonymous_18)
FN:103,config
FN:111,handleError
FNF:21
FNH:15
FNDA:23,useResource
FNDA:15,fetchResource
FNDA:11,(anonymous_2)
FNDA:44,(anonymous_3)
FNDA:0,(anonymous_4)
FNDA:11,(anonymous_5)
FNDA:121,(anonymous_6)
FNDA:0,(anonymous_7)
FNDA:11,(anonymous_8)
FNDA:33,(anonymous_9)
FNDA:0,(anonymous_10)
FNDA:11,(anonymous_11)
FNDA:11,(anonymous_12)
FNDA:66,(anonymous_13)
FNDA:0,(anonymous_14)
FNDA:8,(anonymous_15)
FNDA:8,(anonymous_16)
FNDA:32,(anonymous_17)
FNDA:0,(anonymous_18)
FNDA:59,config
FNDA:0,handleError
DA:5,21
DA:10,23
DA:11,23
DA:14,23
DA:17,15
DA:18,0
DA:21,15
DA:22,15
DA:30,15
DA:32,11
DA:33,11
DA:34,44
DA:35,11
DA:38,11
DA:41,0
DA:43,11
DA:45,11
DA:46,11
DA:47,121
DA:48,88
DA:51,11
DA:53,0
DA:55,11
DA:57,11
DA:58,11
DA:59,33
DA:63,11
DA:66,11
DA:68,0
DA:71,11
DA:72,11
DA:73,11
DA:74,11
DA:75,66
DA:76,44
DA:79,11
DA:81,0
DA:83,11
DA:84,8
DA:85,8
DA:86,8
DA:87,32
DA:88,16
DA:91,8
DA:93,0
DA:95,8
DA:96,8
DA:98,0
DA:104,59
DA:112,0
DA:119,23
LF:51
LH:43
BRDA:10,0,0,23
BRDA:10,0,1,0
BRDA:17,1,0,0
BRDA:17,1,1,15
BRDA:34,2,0,11
BRDA:34,2,1,33
BRDA:47,3,0,88
BRDA:47,3,1,33
BRDA:59,4,0,11
BRDA:59,4,1,22
BRDA:60,5,0,33
BRDA:60,5,1,11
BRDA:75,6,0,44
BRDA:75,6,1,22
BRDA:87,7,0,16
BRDA:87,7,1,16
BRDA:122,8,0,23
BRDA:122,8,1,23
BRDA:122,8,2,23
BRF:19
BRH:17
end_of_record
TN:
SF:pages\_app.js
FN:3,MyApp
FNF:1
FNH:1
FNDA:26,MyApp
DA:4,26
LF:1
LH:1
BRF:0
BRH:0
end_of_record
TN:
SF:pages\dashboard.js
FN:10,Dashboard
FNF:1
FNH:1
FNDA:28,Dashboard
DA:11,28
DA:12,23
DA:14,23
LF:3
LH:3
BRDA:15,0,0,23
BRDA:15,0,1,0
BRDA:17,1,0,8
BRDA:17,1,1,15
BRDA:21,2,0,4
BRDA:21,2,1,4
BRDA:22,3,0,0
BRDA:22,3,1,4
BRDA:27,4,0,4
BRDA:27,4,1,0
BRDA:28,5,0,0
BRDA:28,5,1,4
BRF:12
BRH:8
end_of_record
TN:
SF:pages\index.js
FN:5,Home
FNF:1
FNH:1
FNDA:42,Home
DA:6,42
DA:8,37
LF:2
LH:2
BRDA:8,0,0,15
BRDA:8,0,1,22
BRF:2
BRH:2
end_of_record
TN:
SF:pages\profile.js
FN:6,ManagerProfile
FNF:1
FNH:1
FNDA:10,ManagerProfile
DA:7,10
DA:8,10
LF:2
LH:2
BRDA:9,0,0,5
BRDA:9,0,1,5
BRDA:27,1,0,5
BRDA:27,1,1,0
BRDA:30,2,0,5
BRDA:30,2,1,0
BRDA:33,3,0,5
BRDA:33,3,1,0
BRDA:41,4,0,5
BRDA:41,4,1,0
BRF:10
BRH:6
end_of_record
